#
# There is insufficient memory for the Java Runtime Environment to continue.
# Native memory allocation (mmap) failed to map 268435456 bytes for Failed to commit area from 0x0000000700800000 to 0x0000000710800000 of length 268435456.
# Possible reasons:
#   The system is out of physical RAM or swap space
#   The process is running with CompressedOops enabled, and the Java Heap may be blocking the growth of the native heap
# Possible solutions:
#   Reduce memory load on the system
#   Increase physical memory or swap space
#   Check if swap backing store is full
#   Decrease Java heap size (-Xmx/-Xms)
#   Decrease number of Java threads
#   Decrease Java thread stack sizes (-Xss)
#   Set larger code cache with -XX:ReservedCodeCacheSize=
# This output file may be truncated or incomplete.
#
#  Out of Memory Error (./src/hotspot/os/windows/os_windows.cpp:3521), pid=17780, tid=5716
#
# JRE version:  (11.0.12+7) (build )
# Java VM: OpenJDK 64-Bit Server VM (11.0.12+7-b1504.28, mixed mode, sharing, tiered, compressed oops, g1 gc, windows-amd64)
# No core dump will be written. Minidumps are not enabled by default on client versions of Windows
#

---------------  S U M M A R Y ------------

Command Line: git4idea.http.GitAskPassApp Username for 'https://github.com': 

Host: Intel(R) Core(TM) i7-2600K CPU @ 3.40GHz, 8 cores, 15G,  Windows 10 , 64 bit Build 19041 (10.0.19041.1202)
Time: Mon Sep 27 12:48:27 2021 FLE Daylight Time elapsed time: 0.074010 seconds (0d 0h 0m 0s)

---------------  T H R E A D  ---------------

Current thread (0x000001a54350f000):  JavaThread "Unknown thread" [_thread_in_vm, id=5716, stack(0x00000093af100000,0x00000093af200000)]

Stack: [0x00000093af100000,0x00000093af200000]
Native frames: (J=compiled Java code, j=interpreted, Vv=VM code, C=native code)
V  [jvm.dll+0x5ff40a]
V  [jvm.dll+0x783b65]
V  [jvm.dll+0x78517d]
V  [jvm.dll+0x785833]
V  [jvm.dll+0x249408]
V  [jvm.dll+0x5fc7f4]
V  [jvm.dll+0x5f13c5]
V  [jvm.dll+0x3076bb]
V  [jvm.dll+0x30762a]
V  [jvm.dll+0x307502]
V  [jvm.dll+0x30c466]
V  [jvm.dll+0x355543]
V  [jvm.dll+0x355c46]
V  [jvm.dll+0x355643]
V  [jvm.dll+0x2e2018]
V  [jvm.dll+0x2e31c7]
V  [jvm.dll+0x761f57]
V  [jvm.dll+0x76374c]
V  [jvm.dll+0x362ab9]
V  [jvm.dll+0x7455be]
V  [jvm.dll+0x3cb673]
V  [jvm.dll+0x3cda21]
C  [jli.dll+0x536b]
C  [ucrtbase.dll+0x21bb2]
C  [KERNEL32.DLL+0x17034]
C  [ntdll.dll+0x52651]


---------------  P R O C E S S  ---------------

Threads class SMR info:
_java_thread_list=0x000001a5413527d0, length=0, elements={
}

Java Threads: ( => current thread )

Other Threads:
  0x000001a543529000 GCTaskThread "GC Thread#0" [stack: 0x00000093af200000,0x00000093af300000] [id=3728]
  0x000001a543585800 ConcurrentGCThread "G1 Main Marker" [stack: 0x00000093af300000,0x00000093af400000] [id=10928]
  0x000001a543587000 ConcurrentGCThread "G1 Conc#0" [stack: 0x00000093af400000,0x00000093af500000] [id=19212]

[error occurred during error reporting (printing all threads), id 0xc0000005, EXCEPTION_ACCESS_VIOLATION (0xc0000005) at pc=0x00007ffb170b27a7]

VM state:not at safepoint (not fully initialized)

VM Mutex/Monitor currently owned by a thread:  ([mutex/lock_event])
[0x000001a54350ba90] Heap_lock - owner thread: 0x000001a54350f000

Heap address: 0x0000000700800000, size: 4088 MB, Compressed Oops mode: Non-zero based: 0x0000000700800000
Narrow klass base: 0x0000000000000000, Narrow klass shift: 0

GC Heap History (0 events):
No events

Deoptimization events (0 events):
No events

Classes redefined (0 events):
No events

Internal exceptions (0 events):
No events

Events (1 events):
Event: 0.021 Loaded shared library E:\WebStorm\WebStorm 2021.1.3\jbr\bin\zip.dll


Dynamic libraries:
0x00007ff6d7bf0000 - 0x00007ff6d7bfa000 	E:\WebStorm\WebStorm 2021.1.3\jbr\bin\java.exe
0x00007ffb56570000 - 0x00007ffb56765000 	C:\WINDOWS\SYSTEM32\ntdll.dll
0x00007ffb55eb0000 - 0x00007ffb55f6e000 	C:\WINDOWS\System32\KERNEL32.DLL
0x00007ffb54190000 - 0x00007ffb54459000 	C:\WINDOWS\System32\KERNELBASE.dll
0x00007ffb53f90000 - 0x00007ffb54090000 	C:\WINDOWS\System32\ucrtbase.dll
0x00007ffb3ded0000 - 0x00007ffb3dee9000 	E:\WebStorm\WebStorm 2021.1.3\jbr\bin\jli.dll
0x00007ffb55c80000 - 0x00007ffb55e21000 	C:\WINDOWS\System32\USER32.dll
0x00007ffb467a0000 - 0x00007ffb46a3a000 	C:\WINDOWS\WinSxS\amd64_microsoft.windows.common-controls_6595b64144ccf1df_6.0.19041.1110_none_60b5254171f9507e\COMCTL32.dll
0x00007ffb53e50000 - 0x00007ffb53e72000 	C:\WINDOWS\System32\win32u.dll
0x00007ffb55ad0000 - 0x00007ffb55b6e000 	C:\WINDOWS\System32\msvcrt.dll
0x00007ffb55b70000 - 0x00007ffb55b9b000 	C:\WINDOWS\System32\GDI32.dll
0x00007ffb53e80000 - 0x00007ffb53f8b000 	C:\WINDOWS\System32\gdi32full.dll
0x00007ffb53c90000 - 0x00007ffb53d2d000 	C:\WINDOWS\System32\msvcp_win.dll
0x00007ffb3d100000 - 0x00007ffb3d117000 	E:\WebStorm\WebStorm 2021.1.3\jbr\bin\VCRUNTIME140.dll
0x00007ffb55c50000 - 0x00007ffb55c80000 	C:\WINDOWS\System32\IMM32.DLL
0x00007ffb305b0000 - 0x00007ffb3064d000 	E:\WebStorm\WebStorm 2021.1.3\jbr\bin\msvcp140.dll
0x00007ffb16dc0000 - 0x00007ffb17918000 	E:\WebStorm\WebStorm 2021.1.3\jbr\bin\server\jvm.dll
0x00007ffb554b0000 - 0x00007ffb5555c000 	C:\WINDOWS\System32\ADVAPI32.dll
0x00007ffb54b40000 - 0x00007ffb54bdb000 	C:\WINDOWS\System32\sechost.dll
0x00007ffb55560000 - 0x00007ffb5568a000 	C:\WINDOWS\System32\RPCRT4.dll
0x00007ffb563f0000 - 0x00007ffb563f8000 	C:\WINDOWS\System32\PSAPI.DLL
0x00007ffb37da0000 - 0x00007ffb37da9000 	C:\WINDOWS\SYSTEM32\WSOCK32.dll
0x00007ffb44cb0000 - 0x00007ffb44cd7000 	C:\WINDOWS\SYSTEM32\WINMM.dll
0x00007ffb4d530000 - 0x00007ffb4d53a000 	C:\WINDOWS\SYSTEM32\VERSION.dll
0x00007ffb56400000 - 0x00007ffb5646b000 	C:\WINDOWS\System32\WS2_32.dll
0x00007ffb51aa0000 - 0x00007ffb51ab2000 	C:\WINDOWS\SYSTEM32\kernel.appcore.dll
0x00007ffb3c190000 - 0x00007ffb3c1a1000 	E:\WebStorm\WebStorm 2021.1.3\jbr\bin\verify.dll
0x00007ffb38e40000 - 0x00007ffb39024000 	C:\WINDOWS\SYSTEM32\DBGHELP.DLL
0x00007ffb38920000 - 0x00007ffb3894c000 	C:\WINDOWS\SYSTEM32\dbgcore.DLL
0x00007ffb53dc0000 - 0x00007ffb53e43000 	C:\WINDOWS\System32\bcryptPrimitives.dll
0x00007ffb303e0000 - 0x00007ffb30409000 	E:\WebStorm\WebStorm 2021.1.3\jbr\bin\java.dll
0x00007ffb478b0000 - 0x00007ffb478bb000 	E:\WebStorm\WebStorm 2021.1.3\jbr\bin\jimage.dll
0x00007ffb30260000 - 0x00007ffb30278000 	E:\WebStorm\WebStorm 2021.1.3\jbr\bin\zip.dll

dbghelp: loaded successfully - version: 4.0.5 - missing functions: none
symbol engine: initialized successfully - sym options: 0x614 - pdb path: .;E:\WebStorm\WebStorm 2021.1.3\jbr\bin;C:\WINDOWS\SYSTEM32;C:\WINDOWS\WinSxS\amd64_microsoft.windows.common-controls_6595b64144ccf1df_6.0.19041.1110_none_60b5254171f9507e;E:\WebStorm\WebStorm 2021.1.3\jbr\bin\server

VM Arguments:
java_command: git4idea.http.GitAskPassApp Username for 'https://github.com': 
java_class_path (initial): E:/WebStorm/WebStorm 2021.1.3/plugins/git4idea/lib/git4idea-rt.jar;E:/WebStorm/WebStorm 2021.1.3/lib/3rd-party.jar
Launcher Type: SUN_STANDARD

[Global flags]
     intx CICompilerCount                          = 4                                         {product} {ergonomic}
     uint ConcGCThreads                            = 2                                         {product} {ergonomic}
     uint G1ConcRefinementThreads                  = 8                                         {product} {ergonomic}
   size_t G1HeapRegionSize                         = 1048576                                   {product} {ergonomic}
    uintx GCDrainStackTargetSize                   = 64                                        {product} {ergonomic}
   size_t InitialHeapSize                          = 268435456                                 {product} {ergonomic}
   size_t MarkStackSize                            = 4194304                                   {product} {ergonomic}
   size_t MaxHeapSize                              = 4286578688                                {product} {ergonomic}
   size_t MinHeapDeltaBytes                        = 1048576                                   {product} {ergonomic}
    uintx NonNMethodCodeHeapSize                   = 5836300                                {pd product} {ergonomic}
    uintx NonProfiledCodeHeapSize                  = 122910970                              {pd product} {ergonomic}
    uintx ProfiledCodeHeapSize                     = 122910970                              {pd product} {ergonomic}
    uintx ReservedCodeCacheSize                    = 251658240                              {pd product} {ergonomic}
     bool SegmentedCodeCache                       = true                                      {product} {ergonomic}
     bool UseCompressedClassPointers               = true                                 {lp64_product} {ergonomic}
     bool UseCompressedOops                        = true                                 {lp64_product} {ergonomic}
     bool UseG1GC                                  = true                                      {product} {ergonomic}
     bool UseLargePagesIndividualAllocation        = false                                  {pd product} {ergonomic}

Logging:
Log output configuration:
 #0: stdout all=warning uptime,level,tags
 #1: stderr all=off uptime,level,tags

Environment Variables:
JAVA_HOME=C:\Program Files\Java\jdk-11.0.10
PATH=E:\Git\mingw64\libexec\git-core;E:\Git\mingw64\libexec\git-core;E:\Git\mingw64\bin;E:\Git\usr\bin;C:\Users\aldor\bin;C:\Python39\Scripts;C:\Python39;E:\Anaconda;E:\Anaconda\Library\mingw-w64\bin;E:\Anaconda\Library\usr\bin;E:\Anaconda\Library\bin;E:\Anaconda\Scripts;C:\Python38\Scripts;C:\Python38;C:\Program Files (x86)\iis express\PHP\v7.1;C:\Python27;C:\Python27\Scripts;C:\Program Files (x86)\Python38-32\Scripts;C:\Program Files (x86)\Python38-32;E:\PyCharm_2017.3.1\Anaconda;E:\PyCharm_2017.3.1\Anaconda\Library\mingw-w64\bin;E:\PyCharm_2017.3.1\Anaconda\Library\usr\bin;E:\PyCharm_2017.3.1\Anaconda\Library\bin;E:\PyCharm_2017.3.1\Anaconda\Scripts;C:\Program Files (x86)\Python36-32\Scripts;C:\Program Files (x86)\Python36-32;E:\PyCharm 2017.3.1\Python;C:\Windows\system32;C:\Windows;C:\Windows\System32\Wbem;C:\Windows\System32\WindowsPowerShell\v1.0;C:\WINDOWS\system32;C:\WINDOWS;C:\WINDOWS\System32\Wbem;C:\WINDOWS\System32\WindowsPowerShell\v1.0;C:\WINDOWS\System32\OpenSSH;C:\Program Files\dotnet;C:\Program Files\Microsoft SQL Server\130\Tools\Binn;C:\Program Files (x86)\NVIDIA Corporat;C:\ProgramData\chocolatey\bin;E:\Android\flutter\bin;C:\Program Files\NVIDIA Corporation\NVIDIA NvDLISR;C:\Users\aldor\AppData\Local\Android\Sdk\platform-tools;C:\WINDOWS\system32;C:\WINDOWS;C:\WINDOWS\System32\Wbem;C:\WINDOWS\System32\WindowsPowerShell\v1.0;C:\WINDOWS\System32\OpenSSH;C:\Program Files\Docker\Docker\resources\bin;C:\ProgramData\DockerDesktop\version-bin;C:\Program Files\Java\jdk-11.0.10\bin;E:\JAVA_SOFT\apache-maven-3.8.1\bin;E:\WebStorm;E:\Git\usr\bin;C:\Users\aldor\AppData\Local\Microsoft\WindowsApps;E:\PyCharm\PyCharm 2021.1.1\bin;E:\IntelijIDEA\IntelliJ IDEA 2021.2.1\bin;E:\IntelijIDEA\IntelliJ IDEA Community Edition 2019.3.4\bin;E:\PyCharm\PyCharm Community Edition 2020.1.1\bin;C:\tools\dart-sdk\bin;C:\Users\aldor\AppData\Roaming\Pub\Cache\bin;E:\Android\flutter\bin;E:\WebStorm\WebStorm 2021.1.3\bin;E:\BrowserStack;C:\Users\aldor\AppData\Roaming\npm
USERNAME=aldor
DISPLAY=:0.0
LC_ALL=en_US.UTF-8
OS=Windows_NT
PROCESSOR_IDENTIFIER=Intel64 Family 6 Model 42 Stepping 7, GenuineIntel



---------------  S Y S T E M  ---------------

OS: Windows 10 , 64 bit Build 19041 (10.0.19041.1202)
OS uptime: 0 days 3:47 hours

CPU:total 8 (initial active 8) (4 cores per cpu, 2 threads per core) family 6 model 42 stepping 7 microcode 0x2f, cmov, cx8, fxsr, mmx, sse, sse2, sse3, ssse3, sse4.1, sse4.2, popcnt, avx, aes, clmul, ht, tsc, tscinvbit

Memory: 4k page, system-wide physical 16348M (3947M free)
TotalPageFile size 19348M (AvailPageFile size 168M)
current process WorkingSet (physical memory assigned to process): 10M, peak: 10M
current process commit charge ("private bytes"): 60M, peak: 316M

vm_info: OpenJDK 64-Bit Server VM (11.0.12+7-b1504.28) for windows-amd64 JRE (11.0.12+7-b1504.28), built on Sep  3 2021 08:39:15 by "" with MS VC++ 14.0 (VS2015)

END.
